faceunity/build/outputs/logs/manifest-merger-debug-report.txt
-- Merging decision tree log ---
manifest
ADDED from faceunity\AndroidManifest.xml:1:1-10:12
INJECTED from faceunity\AndroidManifest.xml:1:1-10:12
INJECTED from faceunity\AndroidManifest.xml:1:1-10:12
	package
		ADDED from faceunity\AndroidManifest.xml:2:5-28
		INJECTED from faceunity\AndroidManifest.xml
		INJECTED from faceunity\AndroidManifest.xml
	xmlns:android
		ADDED from faceunity\AndroidManifest.xml:1:11-69
application
ADDED from faceunity\AndroidManifest.xml:3:5-8:19
	android:supportsRtl
		ADDED from faceunity\AndroidManifest.xml:5:9-35
	android:label
		ADDED from faceunity\AndroidManifest.xml:4:9-41
	android:allowBackup
		ADDED from faceunity\AndroidManifest.xml:3:18-44
uses-sdk
INJECTED from faceunity\AndroidManifest.xml reason: use-sdk injection requested
INJECTED from faceunity\AndroidManifest.xml
INJECTED from faceunity\AndroidManifest.xml
INJECTED from faceunity\AndroidManifest.xml
INJECTED from faceunity\AndroidManifest.xml
	android:targetSdkVersion
		INJECTED from faceunity\AndroidManifest.xml
		ADDED from faceunity\AndroidManifest.xml
		INJECTED from faceunity\AndroidManifest.xml
	android:minSdkVersion
		INJECTED from faceunity\AndroidManifest.xml
		ADDED from faceunity\AndroidManifest.xml
		INJECTED from faceunity\AndroidManifest.xml